# JRE version: Java(TM) SE Runtime Environment (8.0_92-b14) (build 1.8.0_92-b14)
# Java VM: Java HotSpot(TM) 64-Bit Server VM (25.92-b14 mixed mode bsd-amd64 compressed oops)
Heap:
 PSYoungGen      total 275456K, used 206336K [0x00000007aab00000, 0x00000007c0000000, 0x00000007c0000000)
  eden space 206336K, 100% used [0x00000007aab00000,0x00000007b7480000,0x00000007b7480000)
  from space 69120K, 0% used [0x00000007bb780000,0x00000007bb780000,0x00000007bfb00000)
  to   space 68608K, 0% used [0x00000007b7480000,0x00000007b7480000,0x00000007bb780000)
 ParOldGen       total 699392K, used 699360K [0x0000000780000000, 0x00000007aab00000, 0x00000007aab00000)
  object space 699392K, 99% used [0x0000000780000000,0x00000007aaaf8340,0x00000007aab00000)
 Metaspace       used 137450K, capacity 141240K, committed 143960K, reserved 1173504K
  class space    used 17993K, capacity 18370K, committed 19032K, reserved 1048576K
GC Heap History (10 events):
Event: 17043.258 GC heap after
Heap after GC invocations=1506 (full 1442):
 PSYoungGen      total 275456K, used 206336K [0x00000007aab00000, 0x00000007c0000000, 0x00000007c0000000)
  eden space 206336K, 100% used [0x00000007aab00000,0x00000007b7480000,0x00000007b7480000)
  from space 69120K, 0% used [0x00000007bb780000,0x00000007bb780000,0x00000007bfb00000)
  to   space 68608K, 0% used [0x00000007b7480000,0x00000007b7480000,0x00000007bb780000)
 ParOldGen       total 699392K, used 699360K [0x0000000780000000, 0x00000007aab00000, 0x00000007aab00000)
  object space 699392K, 99% used [0x0000000780000000,0x00000007aaaf82b0,0x00000007aab00000)
 Metaspace       used 137449K, capacity 141246K, committed 143960K, reserved 1173504K
  class space    used 17992K, capacity 18371K, committed 19032K, reserved 1048576K
}
Event: 17043.258 GC heap before
{Heap before GC invocations=1507 (full 1443):
 PSYoungGen      total 275456K, used 206336K [0x00000007aab00000, 0x00000007c0000000, 0x00000007c0000000)
  eden space 206336K, 100% used [0x00000007aab00000,0x00000007b7480000,0x00000007b7480000)
  from space 69120K, 0% used [0x00000007bb780000,0x00000007bb780000,0x00000007bfb00000)
  to   space 68608K, 0% used [0x00000007b7480000,0x00000007b7480000,0x00000007bb780000)
 ParOldGen       total 699392K, used 699365K [0x0000000780000000, 0x00000007aab00000, 0x00000007aab00000)
  object space 699392K, 99% used [0x0000000780000000,0x00000007aaaf9508,0x00000007aab00000)
 Metaspace       used 137452K, capacity 141246K, committed 143960K, reserved 1173504K
  class space    used 17994K, capacity 18371K, committed 19032K, reserved 1048576K
Event: 17043.909 GC heap after
Heap after GC invocations=1507 (full 1443):
 PSYoungGen      total 275456K, used 206335K [0x00000007aab00000, 0x00000007c0000000, 0x00000007c0000000)
  eden space 206336K, 99% used [0x00000007aab00000,0x00000007b747ffb8,0x00000007b7480000)
  from space 69120K, 0% used [0x00000007bb780000,0x00000007bb780000,0x00000007bfb00000)
  to   space 68608K, 0% used [0x00000007b7480000,0x00000007b7480000,0x00000007bb780000)
 ParOldGen       total 699392K, used 699361K [0x0000000780000000, 0x00000007aab00000, 0x00000007aab00000)
  object space 699392K, 99% used [0x0000000780000000,0x00000007aaaf86b0,0x00000007aab00000)
 Metaspace       used 137452K, capacity 141246K, committed 143960K, reserved 1173504K
  class space    used 17994K, capacity 18371K, committed 19032K, reserved 1048576K
}
Event: 17043.909 GC heap before
{Heap before GC invocations=1508 (full 1444):
 PSYoungGen      total 275456K, used 206335K [0x00000007aab00000, 0x00000007c0000000, 0x00000007c0000000)
  eden space 206336K, 99% used [0x00000007aab00000,0x00000007b747fff0,0x00000007b7480000)
  from space 69120K, 0% used [0x00000007bb780000,0x00000007bb780000,0x00000007bfb00000)
  to   space 68608K, 0% used [0x00000007b7480000,0x00000007b7480000,0x00000007bb780000)
 ParOldGen       total 699392K, used 699361K [0x0000000780000000, 0x00000007aab00000, 0x00000007aab00000)
  object space 699392K, 99% used [0x0000000780000000,0x00000007aaaf86b0,0x00000007aab00000)
 Metaspace       used 137452K, capacity 141246K, committed 143960K, reserved 1173504K
  class space    used 17994K, capacity 18371K, committed 19032K, reserved 1048576K
Event: 17044.549 GC heap after
Heap after GC invocations=1508 (full 1444):
 PSYoungGen      total 275456K, used 206335K [0x00000007aab00000, 0x00000007c0000000, 0x00000007c0000000)
  eden space 206336K, 99% used [0x00000007aab00000,0x00000007b747ffa8,0x00000007b7480000)
  from space 69120K, 0% used [0x00000007bb780000,0x00000007bb780000,0x00000007bfb00000)
  to   space 68608K, 0% used [0x00000007b7480000,0x00000007b7480000,0x00000007bb780000)
 ParOldGen       total 699392K, used 699361K [0x0000000780000000, 0x00000007aab00000, 0x00000007aab00000)
  object space 699392K, 99% used [0x0000000780000000,0x00000007aaaf86b0,0x00000007aab00000)
 Metaspace       used 137452K, capacity 141246K, committed 143960K, reserved 1173504K
  class space    used 17994K, capacity 18371K, committed 19032K, reserved 1048576K
}
Event: 17044.549 GC heap before
{Heap before GC invocations=1509 (full 1445):
 PSYoungGen      total 275456K, used 206336K [0x00000007aab00000, 0x00000007c0000000, 0x00000007c0000000)
  eden space 206336K, 100% used [0x00000007aab00000,0x00000007b7480000,0x00000007b7480000)
  from space 69120K, 0% used [0x00000007bb780000,0x00000007bb780000,0x00000007bfb00000)
  to   space 68608K, 0% used [0x00000007b7480000,0x00000007b7480000,0x00000007bb780000)
 ParOldGen       total 699392K, used 699364K [0x0000000780000000, 0x00000007aab00000, 0x00000007aab00000)
  object space 699392K, 99% used [0x0000000780000000,0x00000007aaaf92f0,0x00000007aab00000)
 Metaspace       used 137452K, capacity 141246K, committed 143960K, reserved 1173504K
  class space    used 17994K, capacity 18371K, committed 19032K, reserved 1048576K
Event: 17045.191 GC heap after
Heap after GC invocations=1509 (full 1445):
 PSYoungGen      total 275456K, used 206335K [0x00000007aab00000, 0x00000007c0000000, 0x00000007c0000000)
  eden space 206336K, 99% used [0x00000007aab00000,0x00000007b747ff38,0x00000007b7480000)
  from space 69120K, 0% used [0x00000007bb780000,0x00000007bb780000,0x00000007bfb00000)
  to   space 68608K, 0% used [0x00000007b7480000,0x00000007b7480000,0x00000007bb780000)
 ParOldGen       total 699392K, used 699357K [0x0000000780000000, 0x00000007aab00000, 0x00000007aab00000)
  object space 699392K, 99% used [0x0000000780000000,0x00000007aaaf74a0,0x00000007aab00000)
 Metaspace       used 137448K, capacity 141240K, committed 143960K, reserved 1173504K
  class space    used 17993K, capacity 18370K, committed 19032K, reserved 1048576K
}
Event: 17045.192 GC heap before
{Heap before GC invocations=1510 (full 1446):
 PSYoungGen      total 275456K, used 206336K [0x00000007aab00000, 0x00000007c0000000, 0x00000007c0000000)
  eden space 206336K, 100% used [0x00000007aab00000,0x00000007b7480000,0x00000007b7480000)
  from space 69120K, 0% used [0x00000007bb780000,0x00000007bb780000,0x00000007bfb00000)
  to   space 68608K, 0% used [0x00000007b7480000,0x00000007b7480000,0x00000007bb780000)
 ParOldGen       total 699392K, used 699357K [0x0000000780000000, 0x00000007aab00000, 0x00000007aab00000)
  object space 699392K, 99% used [0x0000000780000000,0x00000007aaaf74a0,0x00000007aab00000)
 Metaspace       used 137449K, capacity 141240K, committed 143960K, reserved 1173504K
  class space    used 17993K, capacity 18370K, committed 19032K, reserved 1048576K
Event: 17045.817 GC heap after
Heap after GC invocations=1510 (full 1446):
 PSYoungGen      total 275456K, used 206335K [0x00000007aab00000, 0x00000007c0000000, 0x00000007c0000000)
  eden space 206336K, 99% used [0x00000007aab00000,0x00000007b747ff98,0x00000007b7480000)
  from space 69120K, 0% used [0x00000007bb780000,0x00000007bb780000,0x00000007bfb00000)
  to   space 68608K, 0% used [0x00000007b7480000,0x00000007b7480000,0x00000007bb780000)
 ParOldGen       total 699392K, used 699357K [0x0000000780000000, 0x00000007aab00000, 0x00000007aab00000)
  object space 699392K, 99% used [0x0000000780000000,0x00000007aaaf74a0,0x00000007aab00000)
 Metaspace       used 137449K, capacity 141240K, committed 143960K, reserved 1173504K
  class space    used 17993K, capacity 18370K, committed 19032K, reserved 1048576K
}
Event: 17045.817 GC heap before
{Heap before GC invocations=1511 (full 1447):
 PSYoungGen      total 275456K, used 206336K [0x00000007aab00000, 0x00000007c0000000, 0x00000007c0000000)
  eden space 206336K, 100% used [0x00000007aab00000,0x00000007b7480000,0x00000007b7480000)
  from space 69120K, 0% used [0x00000007bb780000,0x00000007bb780000,0x00000007bfb00000)
  to   space 68608K, 0% used [0x00000007b7480000,0x00000007b7480000,0x00000007bb780000)
 ParOldGen       total 699392K, used 699360K [0x0000000780000000, 0x00000007aab00000, 0x00000007aab00000)
  object space 699392K, 99% used [0x0000000780000000,0x00000007aaaf8340,0x00000007aab00000)
 Metaspace       used 137450K, capacity 141240K, committed 143960K, reserved 1173504K
  class space    used 17993K, capacity 18370K, committed 19032K, reserved 1048576K

